2011-07-09 10:45:35 Notice: Notice (8): Undefined index: name in [/srv/hosting.cs.umss.edu.bo/views/ftp_users/index.ctp, line 25]
2011-07-09 10:45:35 Notice: Notice (8): Undefined index: email in [/srv/hosting.cs.umss.edu.bo/views/ftp_users/index.ctp, line 26]
2011-07-09 10:45:35 Notice: Notice (8): Undefined index: status in [/srv/hosting.cs.umss.edu.bo/views/ftp_users/index.ctp, line 34]
2011-07-09 10:45:35 Notice: Notice (8): Undefined index: expired in [/srv/hosting.cs.umss.edu.bo/views/ftp_users/index.ctp, line 35]
2011-07-09 10:48:22 Notice: Notice (8): Undefined index: name in [/srv/hosting.cs.umss.edu.bo/views/ftp_users/index.ctp, line 25]
2011-07-09 10:48:22 Notice: Notice (8): Undefined index: email in [/srv/hosting.cs.umss.edu.bo/views/ftp_users/index.ctp, line 26]
2011-07-09 10:48:22 Notice: Notice (8): Undefined index: status in [/srv/hosting.cs.umss.edu.bo/views/ftp_users/index.ctp, line 34]
2011-07-09 10:48:22 Notice: Notice (8): Undefined index: expired in [/srv/hosting.cs.umss.edu.bo/views/ftp_users/index.ctp, line 35]
2011-07-16 21:45:00 Debug: Notice (8): Undefined index:  userid in [C:\xampp\htdocs\proftpdadmin\views\ftp_users\change_password.ctp, line 4]
2011-07-16 21:45:11 Debug: Notice (8): Undefined index:  userid in [C:\xampp\htdocs\proftpdadmin\views\ftp_users\change_password.ctp, line 4]
2011-07-16 21:47:39 Debug: Notice (8): Undefined index:  userid in [C:\xampp\htdocs\proftpdadmin\views\ftp_users\change_password.ctp, line 4]
2011-07-16 21:48:15 Debug: Notice (8): Undefined index:  userid in [C:\xampp\htdocs\proftpdadmin\views\ftp_users\change_password.ctp, line 4]
2011-07-17 00:57:39 Debug: Notice (8): Undefined index:  userid in [C:\xampp\htdocs\proftpdadmin\views\ftp_users\change_password.ctp, line 4]
2011-07-17 01:16:04 Debug: Notice (8): Undefined index:  userid in [C:\xampp\htdocs\proftpdadmin\views\ftp_users\change_password.ctp, line 4]
2011-07-17 01:16:53 Debug: Notice (8): Undefined index:  userid in [C:\xampp\htdocs\proftpdadmin\views\ftp_users\change_password.ctp, line 4]
2011-07-24 18:52:53 Debug: Notice (8): Undefined index:  FtpUser in [C:\xampp\htdocs\proftpdadmin\views\ftp_users\index.ctp, line 4]
2011-07-24 18:52:53 Debug: Notice (8): Undefined index:  FtpUser in [C:\xampp\htdocs\proftpdadmin\views\ftp_users\index.ctp, line 5]
2011-07-24 18:52:58 Debug: Notice (8): Undefined index:  FtpUser in [C:\xampp\htdocs\proftpdadmin\views\ftp_users\index.ctp, line 4]
2011-07-24 18:52:58 Debug: Notice (8): Undefined index:  FtpUser in [C:\xampp\htdocs\proftpdadmin\views\ftp_users\index.ctp, line 5]
2011-07-24 18:55:36 Debug: Notice (8): Undefined index:  FtpUser in [C:\xampp\htdocs\proftpdadmin\views\ftp_users\index.ctp, line 4]
2011-07-24 18:55:36 Debug: Notice (8): Undefined index:  FtpUser in [C:\xampp\htdocs\proftpdadmin\views\ftp_users\index.ctp, line 5]
2011-07-31 22:31:15 Debug: Notice (8): Undefined variable: _PUT in [C:\xampp\htdocs\proftpdadmin\controllers\ftp_groups_controller.php, line 37]
2011-07-31 22:47:09 Debug: Notice (8): Undefined variable: _PUT in [C:\xampp\htdocs\proftpdadmin\controllers\ftp_groups_controller.php, line 37]
2011-07-31 22:48:25 Debug: Notice (8): Undefined variable: _PUT in [C:\xampp\htdocs\proftpdadmin\controllers\ftp_groups_controller.php, line 37]
2011-07-31 22:48:35 Debug: Notice (8): Undefined variable: _PUT in [C:\xampp\htdocs\proftpdadmin\controllers\ftp_groups_controller.php, line 37]
2011-07-31 22:55:36 Debug: Notice (8): Undefined variable: _PUT in [C:\xampp\htdocs\proftpdadmin\controllers\ftp_groups_controller.php, line 37]
2011-07-31 22:56:47 Debug: Notice (8): Undefined variable: _PUT in [C:\xampp\htdocs\proftpdadmin\controllers\ftp_groups_controller.php, line 37]
2011-07-31 23:26:29 Debug: Notice (8): Undefined variable: _PUT in [C:\xampp\htdocs\proftpdadmin\controllers\ftp_groups_controller.php, line 37]
2011-08-02 22:53:42 Debug: Notice (8): Undefined index:  FtpGroup in [C:\xampp\htdocs\proftpdadmin\views\ftp_groups\edit.ctp, line 6]
2011-08-02 22:59:44 Debug: Notice (8): Undefined index:  FtpGroup in [C:\xampp\htdocs\proftpdadmin\views\ftp_groups\edit.ctp, line 6]
2011-08-02 23:29:29 Debug: Notice (8): Undefined index:  FtpGroup in [C:\xampp\htdocs\proftpdadmin\views\ftp_groups\edit.ctp, line 6]
2011-08-07 00:25:44 Debug: Notice (8): Undefined index:  FtpGroup in [C:\xampp\htdocs\proftpdadmin\views\ftp_groups\edit.ctp, line 7]
2011-08-07 00:27:30 Debug: Notice (8): Undefined index:  FtpGroup in [C:\xampp\htdocs\proftpdadmin\views\ftp_groups\edit.ctp, line 12]
2011-08-07 01:18:48 Debug: Notice (8): Undefined property: FtpGroupsController::$Cargo in [C:\xampp\htdocs\proftpdadmin\controllers\ftp_groups_controller.php, line 26]
2011-08-07 01:19:36 Debug: Notice (8): Undefined index:  FtpGroup in [C:\xampp\htdocs\proftpdadmin\views\ftp_groups\add.ctp, line 29]
2011-08-07 01:47:38 Debug: Notice (8): Undefined index:  FftpGroup in [C:\xampp\htdocs\proftpdadmin\views\ftp_groups\add.ctp, line 17]
2011-08-07 01:50:15 Debug: Notice (8): Undefined variable: groups in [C:\xampp\htdocs\proftpdadmin\views\ftp_groups\add.ctp, line 6]
2011-08-08 22:58:08 Debug: Notice (8): Undefined variable: eliminado in [C:\xampp\htdocs\proftpdadmin\views\ftp_groups\delete.ctp, line 3]
2011-08-08 23:01:26 Debug: Notice (8): Trying to get property of non-object in [C:\xampp\htdocs\proftpdadmin\controllers\ftp_groups_controller.php, line 69]
2011-08-08 23:27:36 Debug: Notice (8): Trying to get property of non-object in [C:\xampp\htdocs\proftpdadmin\controllers\ftp_groups_controller.php, line 69]
2011-08-08 23:27:37 Debug: Notice (8): Trying to get property of non-object in [C:\xampp\htdocs\proftpdadmin\controllers\ftp_groups_controller.php, line 69]
2011-08-08 23:27:42 Debug: Notice (8): Trying to get property of non-object in [C:\xampp\htdocs\proftpdadmin\controllers\ftp_groups_controller.php, line 69]
2011-08-08 23:27:49 Debug: Notice (8): Trying to get property of non-object in [C:\xampp\htdocs\proftpdadmin\controllers\ftp_groups_controller.php, line 69]
2011-08-08 23:28:08 Debug: Notice (8): Trying to get property of non-object in [C:\xampp\htdocs\proftpdadmin\controllers\ftp_groups_controller.php, line 69]
2011-08-08 23:28:09 Debug: Notice (8): Trying to get property of non-object in [C:\xampp\htdocs\proftpdadmin\controllers\ftp_groups_controller.php, line 69]
2011-08-08 23:28:23 Debug: Notice (8): Trying to get property of non-object in [C:\xampp\htdocs\proftpdadmin\controllers\ftp_groups_controller.php, line 69]
2011-08-09 00:13:59 Debug: Notice (8): Undefined variable: result in [C:\xampp\htdocs\proftpdadmin\controllers\ftp_groups_controller.php, line 73]
2011-08-09 00:14:29 Debug: Notice (8): Trying to get property of non-object in [C:\xampp\htdocs\proftpdadmin\controllers\ftp_groups_controller.php, line 69]
2011-08-09 00:15:23 Debug: Notice (8): Undefined variable: result in [C:\xampp\htdocs\proftpdadmin\controllers\ftp_groups_controller.php, line 73]
2011-09-11 20:46:29 Debug: Notice (8): Undefined index:  FtpGroup in [C:\xampp\htdocs\proftpdadmin\views\ftp_groups\add.ctp, line 23]
