2011-07-12 11:12:01 Warning: Warning (2): mysql_connect() [<a href='http://php.net/function.mysql-connect'>function.mysql-connect</a>]: Access denied for user 'hostingadm'@'192.168.2.21' (using password: YES) in [C:\xampp\cakephp-1.3\cake\libs\model\datasources\dbo\dbo_mysql.php, line 552]
2011-07-12 11:12:01 Warning: Warning (2): mysql_select_db() expects parameter 2 to be resource, boolean given in [C:\xampp\cakephp-1.3\cake\libs\model\datasources\dbo\dbo_mysql.php, line 558]
2011-07-12 11:12:01 Warning: Warning (2): mysql_get_server_info() expects parameter 1 to be resource, boolean given in [C:\xampp\cakephp-1.3\cake\libs\model\datasources\dbo\dbo_mysql.php, line 566]
2011-07-12 11:41:07 Warning: Warning (2): mysql_connect() [<a href='http://php.net/function.mysql-connect'>function.mysql-connect</a>]: Access denied for user 'hostingadm'@'localhost' (using password: YES) in [C:\xampp\cakephp-1.3\cake\libs\model\datasources\dbo\dbo_mysql.php, line 552]
2011-07-12 11:41:07 Warning: Warning (2): mysql_select_db() expects parameter 2 to be resource, boolean given in [C:\xampp\cakephp-1.3\cake\libs\model\datasources\dbo\dbo_mysql.php, line 558]
2011-07-12 11:41:07 Warning: Warning (2): mysql_get_server_info() expects parameter 1 to be resource, boolean given in [C:\xampp\cakephp-1.3\cake\libs\model\datasources\dbo\dbo_mysql.php, line 566]
2011-07-12 11:41:07 Warning: Warning (2): mysql_query() expects parameter 2 to be resource, boolean given in [C:\xampp\cakephp-1.3\cake\libs\model\datasources\dbo\dbo_mysql.php, line 600]
2011-07-12 11:41:07 Warning: Warning (2): Cannot modify header information - headers already sent by (output started at C:\xampp\cakephp-1.3\cake\libs\debugger.php:673) in [C:\xampp\cakephp-1.3\cake\libs\controller\controller.php, line 746]
2011-07-12 11:48:34 Warning: Warning (2): Cannot modify header information - headers already sent by (output started at C:\xampp\htdocs\proftpdadmin\controllers\ftp_users_controller.php:30) in [C:\xampp\cakephp-1.3\cake\libs\controller\controller.php, line 746]
2011-07-12 11:55:23 Warning: Warning (512): <span style="color:Red;text-align:left"><b>SQL Error:</b> 1007: Can't create database 'test'; database exists</span> in [C:\xampp\cakephp-1.3\cake\libs\model\datasources\dbo_source.php, line 681]
2011-07-12 11:55:23 Warning: Warning (2): Cannot modify header information - headers already sent by (output started at C:\xampp\cakephp-1.3\cake\libs\debugger.php:673) in [C:\xampp\cakephp-1.3\cake\libs\controller\controller.php, line 746]
2011-07-12 12:18:25 Warning: Warning (2): Cannot modify header information - headers already sent by (output started at C:\xampp\htdocs\proftpdadmin\controllers\ftp_users_controller.php:34) in [C:\xampp\cakephp-1.3\cake\libs\controller\controller.php, line 746]
2011-07-12 12:40:50 Warning: Warning (2): Cannot modify header information - headers already sent by (output started at C:\xampp\htdocs\proftpdadmin\controllers\ftp_users_controller.php:34) in [C:\xampp\cakephp-1.3\cake\libs\controller\controller.php, line 746]
2011-07-12 12:51:18 Warning: Warning (512): <span style="color:Red;text-align:left"><b>SQL Error:</b> 1044: Access denied for user 'hostingadm'@'localhost' to database 'db_ccbol2'</span> in [C:\xampp\cakephp-1.3\cake\libs\model\datasources\dbo_source.php, line 681]
2011-07-12 12:51:18 Warning: Warning (2): Cannot modify header information - headers already sent by (output started at C:\xampp\htdocs\proftpdadmin\controllers\ftp_users_controller.php:34) in [C:\xampp\cakephp-1.3\cake\libs\controller\controller.php, line 746]
2011-07-12 12:57:46 Warning: Warning (512): <span style="color:Red;text-align:left"><b>SQL Error:</b> 1044: Access denied for user 'hostingadm'@'localhost' to database 'db_elvis'</span> in [C:\xampp\cakephp-1.3\cake\libs\model\datasources\dbo_source.php, line 681]
2011-07-12 12:57:46 Warning: Warning (2): Cannot modify header information - headers already sent by (output started at C:\xampp\htdocs\proftpdadmin\controllers\ftp_users_controller.php:34) in [C:\xampp\cakephp-1.3\cake\libs\controller\controller.php, line 746]
2011-07-15 23:02:50 Warning: Warning (2): mysql_connect() [<a href='http://php.net/function.mysql-connect'>function.mysql-connect</a>]: Access denied for user 'hostingadm'@'localhost' (using password: YES) in [C:\xampp\cakephp-1.3\cake\libs\model\datasources\dbo\dbo_mysql.php, line 540]
2011-07-15 23:02:50 Warning: Warning (2): mysql_select_db(): supplied argument is not a valid MySQL-Link resource in [C:\xampp\cakephp-1.3\cake\libs\model\datasources\dbo\dbo_mysql.php, line 546]
2011-07-15 23:02:50 Warning: Warning (2): mysql_get_server_info(): supplied argument is not a valid MySQL-Link resource in [C:\xampp\cakephp-1.3\cake\libs\model\datasources\dbo\dbo_mysql.php, line 554]
2011-07-15 23:10:40 Warning: Warning (2): mysql_connect() [<a href='http://php.net/function.mysql-connect'>function.mysql-connect</a>]: Access denied for user 'hostingadm'@'localhost' (using password: YES) in [C:\xampp\cakephp-1.3\cake\libs\model\datasources\dbo\dbo_mysql.php, line 540]
2011-07-15 23:10:40 Warning: Warning (2): mysql_select_db(): supplied argument is not a valid MySQL-Link resource in [C:\xampp\cakephp-1.3\cake\libs\model\datasources\dbo\dbo_mysql.php, line 546]
2011-07-15 23:10:40 Warning: Warning (2): mysql_get_server_info(): supplied argument is not a valid MySQL-Link resource in [C:\xampp\cakephp-1.3\cake\libs\model\datasources\dbo\dbo_mysql.php, line 554]
2011-07-15 23:14:48 Warning: Warning (2): mysql_connect() [<a href='http://php.net/function.mysql-connect'>function.mysql-connect</a>]: Access denied for user 'hostingadm'@'localhost' (using password: YES) in [C:\xampp\cakephp-1.3\cake\libs\model\datasources\dbo\dbo_mysql.php, line 540]
2011-07-15 23:14:48 Warning: Warning (2): mysql_select_db(): supplied argument is not a valid MySQL-Link resource in [C:\xampp\cakephp-1.3\cake\libs\model\datasources\dbo\dbo_mysql.php, line 546]
2011-07-15 23:14:48 Warning: Warning (2): mysql_get_server_info(): supplied argument is not a valid MySQL-Link resource in [C:\xampp\cakephp-1.3\cake\libs\model\datasources\dbo\dbo_mysql.php, line 554]
2011-07-15 23:14:56 Warning: Warning (2): mysql_connect() [<a href='http://php.net/function.mysql-connect'>function.mysql-connect</a>]: Access denied for user 'hostingadm'@'localhost' (using password: YES) in [C:\xampp\cakephp-1.3\cake\libs\model\datasources\dbo\dbo_mysql.php, line 540]
2011-07-15 23:14:56 Warning: Warning (2): mysql_select_db(): supplied argument is not a valid MySQL-Link resource in [C:\xampp\cakephp-1.3\cake\libs\model\datasources\dbo\dbo_mysql.php, line 546]
2011-07-15 23:14:56 Warning: Warning (2): mysql_get_server_info(): supplied argument is not a valid MySQL-Link resource in [C:\xampp\cakephp-1.3\cake\libs\model\datasources\dbo\dbo_mysql.php, line 554]
2011-07-15 23:16:22 Warning: Warning (2): mysql_connect() [<a href='http://php.net/function.mysql-connect'>function.mysql-connect</a>]: Access denied for user 'hostingadm'@'localhost' (using password: YES) in [C:\xampp\cakephp-1.3\cake\libs\model\datasources\dbo\dbo_mysql.php, line 540]
2011-07-15 23:16:22 Warning: Warning (2): mysql_select_db(): supplied argument is not a valid MySQL-Link resource in [C:\xampp\cakephp-1.3\cake\libs\model\datasources\dbo\dbo_mysql.php, line 546]
2011-07-15 23:16:22 Warning: Warning (2): mysql_get_server_info(): supplied argument is not a valid MySQL-Link resource in [C:\xampp\cakephp-1.3\cake\libs\model\datasources\dbo\dbo_mysql.php, line 554]
2011-07-16 00:24:49 Warning: Warning (512): <span style="color:Red;text-align:left"><b>SQL Error:</b> 1044: Access denied for user 'hostingadm'@'localhost' to database 'db_testacount'</span> in [C:\xampp\cakephp-1.3\cake\libs\model\datasources\dbo_source.php, line 681]
2011-07-16 00:24:49 Warning: Warning (2): Cannot modify header information - headers already sent by (output started at C:\xampp\cakephp-1.3\cake\libs\debugger.php:673) in [C:\xampp\cakephp-1.3\cake\libs\controller\controller.php, line 746]
2011-07-16 00:28:41 Warning: Warning (512): <span style="color:Red;text-align:left"><b>SQL Error:</b> 1044: Access denied for user 'hostingadm'@'localhost' to database 'db_testacount'</span> in [C:\xampp\cakephp-1.3\cake\libs\model\datasources\dbo_source.php, line 681]
2011-07-16 00:28:41 Warning: Warning (2): Cannot modify header information - headers already sent by (output started at C:\xampp\cakephp-1.3\cake\libs\debugger.php:673) in [C:\xampp\cakephp-1.3\cake\libs\controller\controller.php, line 746]
2011-07-16 00:30:08 Warning: Warning (512): <span style="color:Red;text-align:left"><b>SQL Error:</b> 1044: Access denied for user 'hostingadm'@'localhost' to database 'db_testacount2'</span> in [C:\xampp\cakephp-1.3\cake\libs\model\datasources\dbo_source.php, line 681]
2011-07-16 00:30:08 Warning: Warning (2): Cannot modify header information - headers already sent by (output started at C:\xampp\cakephp-1.3\cake\libs\debugger.php:673) in [C:\xampp\cakephp-1.3\cake\libs\controller\controller.php, line 746]
2011-07-16 00:31:18 Warning: Warning (2): Cannot modify header information - headers already sent by (output started at C:\xampp\htdocs\proftpdadmin\controllers\ftp_users_controller.php:34) in [C:\xampp\cakephp-1.3\cake\libs\controller\controller.php, line 746]
2011-07-24 18:51:20 Warning: Warning (2): json_encode() [<a href='function.json-encode'>function.json-encode</a>]: Invalid UTF-8 sequence in argument in [C:\xampp\htdocs\proftpdadmin\views\ftp_users\index.ctp, line 7]
2011-07-24 18:51:20 Warning: Warning (2): json_encode() [<a href='function.json-encode'>function.json-encode</a>]: Invalid UTF-8 sequence in argument in [C:\xampp\htdocs\proftpdadmin\views\ftp_users\index.ctp, line 7]
2011-07-24 18:51:20 Warning: Warning (2): json_encode() [<a href='function.json-encode'>function.json-encode</a>]: Invalid UTF-8 sequence in argument in [C:\xampp\htdocs\proftpdadmin\views\ftp_users\index.ctp, line 7]
2011-07-24 18:57:20 Warning: Warning (2): json_encode() [<a href='function.json-encode'>function.json-encode</a>]: Invalid UTF-8 sequence in argument in [C:\xampp\htdocs\proftpdadmin\views\ftp_users\index.ctp, line 11]
2011-07-24 18:57:20 Warning: Warning (2): json_encode() [<a href='function.json-encode'>function.json-encode</a>]: Invalid UTF-8 sequence in argument in [C:\xampp\htdocs\proftpdadmin\views\ftp_users\index.ctp, line 11]
2011-07-24 18:57:20 Warning: Warning (2): json_encode() [<a href='function.json-encode'>function.json-encode</a>]: Invalid UTF-8 sequence in argument in [C:\xampp\htdocs\proftpdadmin\views\ftp_users\index.ctp, line 11]
2011-07-24 18:58:19 Warning: Warning (2): json_encode() [<a href='function.json-encode'>function.json-encode</a>]: Invalid UTF-8 sequence in argument in [C:\xampp\htdocs\proftpdadmin\views\ftp_users\index.ctp, line 11]
2011-07-24 18:58:19 Warning: Warning (2): json_encode() [<a href='function.json-encode'>function.json-encode</a>]: Invalid UTF-8 sequence in argument in [C:\xampp\htdocs\proftpdadmin\views\ftp_users\index.ctp, line 11]
2011-07-24 18:58:19 Warning: Warning (2): json_encode() [<a href='function.json-encode'>function.json-encode</a>]: Invalid UTF-8 sequence in argument in [C:\xampp\htdocs\proftpdadmin\views\ftp_users\index.ctp, line 11]
2011-07-24 19:01:51 Warning: Warning (2): json_encode() [<a href='function.json-encode'>function.json-encode</a>]: Invalid UTF-8 sequence in argument in [C:\xampp\htdocs\proftpdadmin\views\ftp_users\index.ctp, line 11]
2011-07-24 19:01:51 Warning: Warning (2): json_encode() [<a href='function.json-encode'>function.json-encode</a>]: Invalid UTF-8 sequence in argument in [C:\xampp\htdocs\proftpdadmin\views\ftp_users\index.ctp, line 11]
2011-07-24 19:01:51 Warning: Warning (2): json_encode() [<a href='function.json-encode'>function.json-encode</a>]: Invalid UTF-8 sequence in argument in [C:\xampp\htdocs\proftpdadmin\views\ftp_users\index.ctp, line 11]
2011-07-24 20:54:14 Warning: Warning (2): json_encode() [<a href='function.json-encode'>function.json-encode</a>]: Invalid UTF-8 sequence in argument in [C:\xampp\htdocs\proftpdadmin\views\ftp_users\index.ctp, line 11]
2011-07-24 20:54:14 Warning: Warning (2): json_encode() [<a href='function.json-encode'>function.json-encode</a>]: Invalid UTF-8 sequence in argument in [C:\xampp\htdocs\proftpdadmin\views\ftp_users\index.ctp, line 11]
2011-07-24 20:54:14 Warning: Warning (2): json_encode() [<a href='function.json-encode'>function.json-encode</a>]: Invalid UTF-8 sequence in argument in [C:\xampp\htdocs\proftpdadmin\views\ftp_users\index.ctp, line 11]
2011-07-24 20:55:46 Warning: Warning (2): json_encode() [<a href='function.json-encode'>function.json-encode</a>]: Invalid UTF-8 sequence in argument in [C:\xampp\htdocs\proftpdadmin\views\ftp_users\index.ctp, line 11]
2011-07-24 20:55:47 Warning: Warning (2): json_encode() [<a href='function.json-encode'>function.json-encode</a>]: Invalid UTF-8 sequence in argument in [C:\xampp\htdocs\proftpdadmin\views\ftp_users\index.ctp, line 11]
2011-07-24 20:55:47 Warning: Warning (2): json_encode() [<a href='function.json-encode'>function.json-encode</a>]: Invalid UTF-8 sequence in argument in [C:\xampp\htdocs\proftpdadmin\views\ftp_users\index.ctp, line 11]
2011-07-24 21:29:19 Warning: Warning (2): json_encode() [<a href='function.json-encode'>function.json-encode</a>]: Invalid UTF-8 sequence in argument in [C:\xampp\htdocs\proftpdadmin\views\ftp_users\index.ctp, line 11]
2011-07-24 21:29:19 Warning: Warning (2): json_encode() [<a href='function.json-encode'>function.json-encode</a>]: Invalid UTF-8 sequence in argument in [C:\xampp\htdocs\proftpdadmin\views\ftp_users\index.ctp, line 11]
2011-07-24 21:29:19 Warning: Warning (2): json_encode() [<a href='function.json-encode'>function.json-encode</a>]: Invalid UTF-8 sequence in argument in [C:\xampp\htdocs\proftpdadmin\views\ftp_users\index.ctp, line 11]
2011-07-24 21:32:24 Warning: Warning (2): json_encode() [<a href='function.json-encode'>function.json-encode</a>]: Invalid UTF-8 sequence in argument in [C:\xampp\htdocs\proftpdadmin\views\ftp_users\index.ctp, line 11]
2011-07-24 21:32:24 Warning: Warning (2): json_encode() [<a href='function.json-encode'>function.json-encode</a>]: Invalid UTF-8 sequence in argument in [C:\xampp\htdocs\proftpdadmin\views\ftp_users\index.ctp, line 11]
2011-07-24 21:32:24 Warning: Warning (2): json_encode() [<a href='function.json-encode'>function.json-encode</a>]: Invalid UTF-8 sequence in argument in [C:\xampp\htdocs\proftpdadmin\views\ftp_users\index.ctp, line 11]
2011-07-24 21:51:58 Warning: Warning (2): json_encode() [<a href='function.json-encode'>function.json-encode</a>]: Invalid UTF-8 sequence in argument in [C:\xampp\htdocs\proftpdadmin\views\ftp_users\index.ctp, line 11]
2011-07-24 21:51:58 Warning: Warning (2): json_encode() [<a href='function.json-encode'>function.json-encode</a>]: Invalid UTF-8 sequence in argument in [C:\xampp\htdocs\proftpdadmin\views\ftp_users\index.ctp, line 11]
2011-07-24 21:51:58 Warning: Warning (2): json_encode() [<a href='function.json-encode'>function.json-encode</a>]: Invalid UTF-8 sequence in argument in [C:\xampp\htdocs\proftpdadmin\views\ftp_users\index.ctp, line 11]
2011-07-24 21:53:58 Warning: Warning (2): json_encode() [<a href='function.json-encode'>function.json-encode</a>]: Invalid UTF-8 sequence in argument in [C:\xampp\htdocs\proftpdadmin\views\ftp_users\index.ctp, line 12]
2011-07-24 21:53:58 Warning: Warning (2): json_encode() [<a href='function.json-encode'>function.json-encode</a>]: Invalid UTF-8 sequence in argument in [C:\xampp\htdocs\proftpdadmin\views\ftp_users\index.ctp, line 12]
2011-07-24 21:53:58 Warning: Warning (2): json_encode() [<a href='function.json-encode'>function.json-encode</a>]: Invalid UTF-8 sequence in argument in [C:\xampp\htdocs\proftpdadmin\views\ftp_users\index.ctp, line 12]
2011-07-24 21:55:03 Warning: Warning (2): json_encode() [<a href='function.json-encode'>function.json-encode</a>]: Invalid UTF-8 sequence in argument in [C:\xampp\htdocs\proftpdadmin\views\ftp_users\index.ctp, line 11]
2011-07-24 21:55:03 Warning: Warning (2): json_encode() [<a href='function.json-encode'>function.json-encode</a>]: Invalid UTF-8 sequence in argument in [C:\xampp\htdocs\proftpdadmin\views\ftp_users\index.ctp, line 11]
2011-07-26 09:20:07 Warning: Warning (2): mysql_connect() [<a href='function.mysql-connect'>function.mysql-connect</a>]: Access denied for user 'hostingadm'@'localhost' (using password: YES) in [C:\xampp\cakephp-1.3\cake\libs\model\datasources\dbo\dbo_mysql.php, line 552]
2011-07-26 09:20:07 Warning: Warning (2): mysql_connect() [<a href='function.mysql-connect'>function.mysql-connect</a>]: Access denied for user 'hostingadm'@'localhost' (using password: YES) in [C:\xampp\cakephp-1.3\cake\libs\model\datasources\dbo\dbo_mysql.php, line 552]
2011-07-26 09:20:07 Warning: Warning (2): mysql_select_db() expects parameter 2 to be resource, boolean given in [C:\xampp\cakephp-1.3\cake\libs\model\datasources\dbo\dbo_mysql.php, line 558]
2011-07-26 09:20:07 Warning: Warning (2): mysql_select_db() expects parameter 2 to be resource, boolean given in [C:\xampp\cakephp-1.3\cake\libs\model\datasources\dbo\dbo_mysql.php, line 558]
2011-07-26 09:20:07 Warning: Warning (2): mysql_get_server_info() expects parameter 1 to be resource, boolean given in [C:\xampp\cakephp-1.3\cake\libs\model\datasources\dbo\dbo_mysql.php, line 566]
2011-07-26 09:20:07 Warning: Warning (2): mysql_get_server_info() expects parameter 1 to be resource, boolean given in [C:\xampp\cakephp-1.3\cake\libs\model\datasources\dbo\dbo_mysql.php, line 566]
2011-07-26 09:20:07 Warning: Warning (2): mysql_query() expects parameter 2 to be resource, boolean given in [C:\xampp\cakephp-1.3\cake\libs\model\datasources\dbo\dbo_mysql.php, line 600]
2011-07-26 09:20:07 Warning: Warning (2): mysql_errno() expects parameter 1 to be resource, boolean given in [C:\xampp\cakephp-1.3\cake\libs\model\datasources\dbo\dbo_mysql.php, line 682]
2011-07-26 09:20:07 Warning: Warning (2): mysql_query() expects parameter 2 to be resource, boolean given in [C:\xampp\cakephp-1.3\cake\libs\model\datasources\dbo\dbo_mysql.php, line 600]
2011-07-26 09:20:07 Warning: Warning (2): mysql_errno() expects parameter 1 to be resource, boolean given in [C:\xampp\cakephp-1.3\cake\libs\model\datasources\dbo\dbo_mysql.php, line 682]
2011-07-26 09:20:07 Warning: Warning (2): Invalid argument supplied for foreach() in [C:\xampp\htdocs\proftpdadmin\views\ftp_users\index.ctp, line 3]
2011-07-26 09:20:07 Warning: Warning (2): mysql_query() expects parameter 2 to be resource, boolean given in [C:\xampp\cakephp-1.3\cake\libs\model\datasources\dbo\dbo_mysql.php, line 600]
2011-07-26 09:20:07 Warning: Warning (2): mysql_errno() expects parameter 1 to be resource, boolean given in [C:\xampp\cakephp-1.3\cake\libs\model\datasources\dbo\dbo_mysql.php, line 682]
2011-07-26 09:20:07 Warning: Warning (2): mysql_query() expects parameter 2 to be resource, boolean given in [C:\xampp\cakephp-1.3\cake\libs\model\datasources\dbo\dbo_mysql.php, line 600]
2011-07-26 09:20:07 Warning: Warning (2): mysql_errno() expects parameter 1 to be resource, boolean given in [C:\xampp\cakephp-1.3\cake\libs\model\datasources\dbo\dbo_mysql.php, line 682]
2011-07-26 09:20:07 Warning: Warning (2): Invalid argument supplied for foreach() in [C:\xampp\htdocs\proftpdadmin\views\ftp_groups\index.ctp, line 3]
2011-07-26 09:20:16 Warning: Warning (2): mysql_connect() [<a href='function.mysql-connect'>function.mysql-connect</a>]: Access denied for user 'hostingadm'@'localhost' (using password: YES) in [C:\xampp\cakephp-1.3\cake\libs\model\datasources\dbo\dbo_mysql.php, line 552]
2011-07-26 09:20:16 Warning: Warning (2): mysql_select_db() expects parameter 2 to be resource, boolean given in [C:\xampp\cakephp-1.3\cake\libs\model\datasources\dbo\dbo_mysql.php, line 558]
2011-07-26 09:20:16 Warning: Warning (2): mysql_get_server_info() expects parameter 1 to be resource, boolean given in [C:\xampp\cakephp-1.3\cake\libs\model\datasources\dbo\dbo_mysql.php, line 566]
2011-07-26 09:20:16 Warning: Warning (2): mysql_query() expects parameter 2 to be resource, boolean given in [C:\xampp\cakephp-1.3\cake\libs\model\datasources\dbo\dbo_mysql.php, line 600]
2011-07-26 09:20:16 Warning: Warning (2): mysql_errno() expects parameter 1 to be resource, boolean given in [C:\xampp\cakephp-1.3\cake\libs\model\datasources\dbo\dbo_mysql.php, line 682]
2011-07-26 09:20:16 Warning: Warning (2): mysql_query() expects parameter 2 to be resource, boolean given in [C:\xampp\cakephp-1.3\cake\libs\model\datasources\dbo\dbo_mysql.php, line 600]
2011-07-26 09:20:16 Warning: Warning (2): mysql_errno() expects parameter 1 to be resource, boolean given in [C:\xampp\cakephp-1.3\cake\libs\model\datasources\dbo\dbo_mysql.php, line 682]
2011-07-26 09:20:16 Warning: Warning (2): Invalid argument supplied for foreach() in [C:\xampp\htdocs\proftpdadmin\views\ftp_groups\index.ctp, line 3]
2011-07-26 09:23:37 Warning: Warning (2): mysql_connect() [<a href='function.mysql-connect'>function.mysql-connect</a>]: Access denied for user 'hostingadm'@'localhost' (using password: YES) in [C:\xampp\cakephp-1.3\cake\libs\model\datasources\dbo\dbo_mysql.php, line 552]
2011-07-26 09:23:37 Warning: Warning (2): mysql_select_db() expects parameter 2 to be resource, boolean given in [C:\xampp\cakephp-1.3\cake\libs\model\datasources\dbo\dbo_mysql.php, line 558]
2011-07-26 09:23:38 Warning: Warning (2): mysql_get_server_info() expects parameter 1 to be resource, boolean given in [C:\xampp\cakephp-1.3\cake\libs\model\datasources\dbo\dbo_mysql.php, line 566]
2011-07-26 09:23:38 Warning: Warning (2): mysql_query() expects parameter 2 to be resource, boolean given in [C:\xampp\cakephp-1.3\cake\libs\model\datasources\dbo\dbo_mysql.php, line 600]
2011-07-26 09:23:38 Warning: Warning (2): mysql_errno() expects parameter 1 to be resource, boolean given in [C:\xampp\cakephp-1.3\cake\libs\model\datasources\dbo\dbo_mysql.php, line 682]
2011-07-26 09:23:38 Warning: Warning (2): mysql_query() expects parameter 2 to be resource, boolean given in [C:\xampp\cakephp-1.3\cake\libs\model\datasources\dbo\dbo_mysql.php, line 600]
2011-07-26 09:23:38 Warning: Warning (2): mysql_errno() expects parameter 1 to be resource, boolean given in [C:\xampp\cakephp-1.3\cake\libs\model\datasources\dbo\dbo_mysql.php, line 682]
2011-07-26 09:23:38 Warning: Warning (2): Invalid argument supplied for foreach() in [C:\xampp\htdocs\proftpdadmin\views\ftp_users\index.ctp, line 3]
2011-07-26 09:25:49 Warning: Warning (2): mysql_connect() [<a href='http://php.net/function.mysql-connect'>function.mysql-connect</a>]: Access denied for user 'hostingadm'@'localhost' (using password: YES) in [C:\xampp\cakephp-1.3\cake\libs\model\datasources\dbo\dbo_mysql.php, line 552]
2011-07-26 09:25:49 Warning: Warning (2): mysql_connect() [<a href='http://php.net/function.mysql-connect'>function.mysql-connect</a>]: Access denied for user 'hostingadm'@'localhost' (using password: YES) in [C:\xampp\cakephp-1.3\cake\libs\model\datasources\dbo\dbo_mysql.php, line 552]
2011-07-26 09:25:49 Warning: Warning (2): mysql_select_db() expects parameter 2 to be resource, boolean given in [C:\xampp\cakephp-1.3\cake\libs\model\datasources\dbo\dbo_mysql.php, line 558]
2011-07-26 09:25:49 Warning: Warning (2): mysql_select_db() expects parameter 2 to be resource, boolean given in [C:\xampp\cakephp-1.3\cake\libs\model\datasources\dbo\dbo_mysql.php, line 558]
2011-07-26 09:25:49 Warning: Warning (2): mysql_get_server_info() expects parameter 1 to be resource, boolean given in [C:\xampp\cakephp-1.3\cake\libs\model\datasources\dbo\dbo_mysql.php, line 566]
2011-07-26 09:25:49 Warning: Warning (2): mysql_get_server_info() expects parameter 1 to be resource, boolean given in [C:\xampp\cakephp-1.3\cake\libs\model\datasources\dbo\dbo_mysql.php, line 566]
2011-07-26 09:25:49 Warning: Warning (2): mysql_query() expects parameter 2 to be resource, boolean given in [C:\xampp\cakephp-1.3\cake\libs\model\datasources\dbo\dbo_mysql.php, line 600]
2011-07-26 09:25:49 Warning: Warning (2): mysql_query() expects parameter 2 to be resource, boolean given in [C:\xampp\cakephp-1.3\cake\libs\model\datasources\dbo\dbo_mysql.php, line 600]
2011-07-26 09:25:49 Warning: Warning (2): Cannot modify header information - headers already sent by (output started at C:\xampp\cakephp-1.3\cake\libs\debugger.php:673) in [C:\xampp\cakephp-1.3\cake\libs\controller\controller.php, line 746]
2011-07-26 09:25:49 Warning: Warning (2): Cannot modify header information - headers already sent by (output started at C:\xampp\cakephp-1.3\cake\libs\debugger.php:673) in [C:\xampp\cakephp-1.3\cake\libs\controller\controller.php, line 746]
2011-08-02 22:50:14 Warning: Warning (2): array_push() [<a href='http://php.net/function.array-push'>function.array-push</a>]: First argument should be an array in [C:\xampp\htdocs\proftpdadmin\controllers\ftp_groups_controller.php, line 51]
2011-08-02 22:50:14 Warning: Warning (2): Cannot unset offset in a non-array variable in [C:\xampp\htdocs\proftpdadmin\views\ftp_groups\edit.ctp, line 3]
2011-08-02 22:53:42 Warning: Warning (512): <span style="color:Red;text-align:left"><b>SQL Error:</b> 1062: Duplicate entry '5500' for key 'PRIMARY'</span> in [C:\xampp\cakephp-1.3\cake\libs\model\datasources\dbo_source.php, line 681]
2011-08-02 22:59:43 Warning: Warning (512): <span style="color:Red;text-align:left"><b>SQL Error:</b> 1062: Duplicate entry '2001' for key 'PRIMARY'</span> in [C:\xampp\cakephp-1.3\cake\libs\model\datasources\dbo_source.php, line 681]
2011-08-07 01:19:36 Warning: Warning (512): <span style="color:Red;text-align:left"><b>SQL Error:</b> 1062: Duplicate entry '2001' for key 'PRIMARY'</span> in [C:\xampp\cakephp-1.3\cake\libs\model\datasources\dbo_source.php, line 681]
2011-08-07 01:50:15 Warning: Warning (2): Invalid argument supplied for foreach() in [C:\xampp\htdocs\proftpdadmin\views\ftp_groups\add.ctp, line 6]
2011-08-07 18:51:27 Warning: Warning (2): mysql_real_escape_string() expects parameter 1 to be string, object given in [C:\xampp\cakephp-1.3\cake\libs\model\datasources\dbo\dbo_mysql.php, line 655]
2011-08-07 18:53:47 Warning: Warning (2): mysql_real_escape_string() expects parameter 1 to be string, object given in [C:\xampp\cakephp-1.3\cake\libs\model\datasources\dbo\dbo_mysql.php, line 655]
2011-08-07 18:55:01 Warning: Warning (2): mysql_real_escape_string() expects parameter 1 to be string, object given in [C:\xampp\cakephp-1.3\cake\libs\model\datasources\dbo\dbo_mysql.php, line 655]
2011-08-08 22:58:08 Warning: Warning (2): pg_last_error() [<a href='http://php.net/function.pg-last-error'>function.pg-last-error</a>]: No PostgreSQL link opened yet in [C:\xampp\htdocs\proftpdadmin\views\ftp_groups\delete.ctp, line 6]
2011-09-11 20:46:29 Warning: Warning (512): <span style="color:Red;text-align:left"><b>SQL Error:</b> 1062: Duplicate entry '5500' for key 'PRIMARY'</span> in [C:\xampp\cakephp-1.3\cake\libs\model\datasources\dbo_source.php, line 681]
2011-11-13 12:58:21 Warning: Warning (2): fopen(C:\xampp\htdocs\proftpdadmin\tmp\cache\persistent\cake_core_object_map) [<a href='http://php.net/function.fopen'>function.fopen</a>]: failed to open stream: No such file or directory in [C:\xampp\cakephp-1.3\cake\libs\file.php, line 154]
